{"C:\\Users\\Vinn_Rana\\Desktop\\chat_bot\\lib\\appHttpClient.js":{"path":"C:\\Users\\Vinn_Rana\\Desktop\\chat_bot\\lib\\appHttpClient.js","s":{"1":1,"2":1,"3":1,"4":1,"5":1,"6":1,"7":1,"8":2,"9":2,"10":2,"11":2,"12":1,"13":2,"14":1,"15":1,"16":1,"17":1,"18":0,"19":1,"20":1,"21":1,"22":1,"23":1,"24":0,"25":1,"26":1,"27":1,"28":0,"29":1,"30":1,"31":1,"32":0,"33":0,"34":0,"35":1,"36":1,"37":1,"38":0,"39":0,"40":0,"41":0,"42":0,"43":0},"b":{"1":[0,1]},"f":{"1":2,"2":2,"3":1,"4":2,"5":1,"6":1,"7":0,"8":0,"9":1,"10":0,"11":1,"12":1,"13":0,"14":0,"15":0,"16":0,"17":0,"18":0},"fnMap":{"1":{"name":"(anonymous_1)","line":8,"loc":{"start":{"line":8,"column":14},"end":{"line":8,"column":29}}},"2":{"name":"(anonymous_2)","line":9,"loc":{"start":{"line":9,"column":23},"end":{"line":9,"column":40}}},"3":{"name":"(anonymous_3)","line":12,"loc":{"start":{"line":12,"column":23},"end":{"line":12,"column":40}}},"4":{"name":"(anonymous_4)","line":14,"loc":{"start":{"line":14,"column":21},"end":{"line":14,"column":33}}},"5":{"name":"postRequest","line":20,"loc":{"start":{"line":20,"column":0},"end":{"line":20,"column":78}}},"6":{"name":"(anonymous_6)","line":34,"loc":{"start":{"line":34,"column":38},"end":{"line":34,"column":53}}},"7":{"name":"(anonymous_7)","line":38,"loc":{"start":{"line":38,"column":20},"end":{"line":38,"column":33}}},"8":{"name":"(anonymous_8)","line":46,"loc":{"start":{"line":46,"column":20},"end":{"line":46,"column":87}}},"9":{"name":"(anonymous_9)","line":49,"loc":{"start":{"line":49,"column":10},"end":{"line":49,"column":60}}},"10":{"name":"(anonymous_10)","line":57,"loc":{"start":{"line":57,"column":16},"end":{"line":57,"column":66}}},"11":{"name":"(anonymous_11)","line":65,"loc":{"start":{"line":65,"column":9},"end":{"line":65,"column":34}}},"12":{"name":"(anonymous_12)","line":66,"loc":{"start":{"line":66,"column":22},"end":{"line":66,"column":37}}},"13":{"name":"(anonymous_13)","line":69,"loc":{"start":{"line":69,"column":23},"end":{"line":69,"column":36}}},"14":{"name":"(anonymous_14)","line":73,"loc":{"start":{"line":73,"column":15},"end":{"line":73,"column":30}}},"15":{"name":"(anonymous_15)","line":74,"loc":{"start":{"line":74,"column":26},"end":{"line":74,"column":50}}},"16":{"name":"(anonymous_16)","line":75,"loc":{"start":{"line":75,"column":26},"end":{"line":75,"column":41}}},"17":{"name":"(anonymous_17)","line":77,"loc":{"start":{"line":77,"column":21},"end":{"line":77,"column":37}}},"18":{"name":"(anonymous_18)","line":80,"loc":{"start":{"line":80,"column":26},"end":{"line":80,"column":39}}}},"statementMap":{"1":{"start":{"line":1,"column":0},"end":{"line":1,"column":41}},"2":{"start":{"line":2,"column":0},"end":{"line":2,"column":27}},"3":{"start":{"line":3,"column":0},"end":{"line":3,"column":29}},"4":{"start":{"line":4,"column":0},"end":{"line":4,"column":33}},"5":{"start":{"line":5,"column":0},"end":{"line":5,"column":26}},"6":{"start":{"line":6,"column":0},"end":{"line":6,"column":34}},"7":{"start":{"line":8,"column":0},"end":{"line":18,"column":2}},"8":{"start":{"line":9,"column":4},"end":{"line":17,"column":7}},"9":{"start":{"line":10,"column":8},"end":{"line":10,"column":26}},"10":{"start":{"line":11,"column":8},"end":{"line":11,"column":32}},"11":{"start":{"line":12,"column":8},"end":{"line":16,"column":11}},"12":{"start":{"line":13,"column":12},"end":{"line":13,"column":41}},"13":{"start":{"line":15,"column":12},"end":{"line":15,"column":30}},"14":{"start":{"line":20,"column":0},"end":{"line":43,"column":1}},"15":{"start":{"line":21,"column":4},"end":{"line":27,"column":6}},"16":{"start":{"line":28,"column":4},"end":{"line":28,"column":22}},"17":{"start":{"line":29,"column":4},"end":{"line":33,"column":5}},"18":{"start":{"line":30,"column":8},"end":{"line":30,"column":23}},"19":{"start":{"line":32,"column":8},"end":{"line":32,"column":22}},"20":{"start":{"line":34,"column":4},"end":{"line":37,"column":7}},"21":{"start":{"line":35,"column":8},"end":{"line":35,"column":22}},"22":{"start":{"line":36,"column":8},"end":{"line":36,"column":31}},"23":{"start":{"line":38,"column":4},"end":{"line":40,"column":7}},"24":{"start":{"line":39,"column":8},"end":{"line":39,"column":99}},"25":{"start":{"line":41,"column":4},"end":{"line":41,"column":20}},"26":{"start":{"line":42,"column":4},"end":{"line":42,"column":14}},"27":{"start":{"line":45,"column":0},"end":{"line":85,"column":2}},"28":{"start":{"line":47,"column":8},"end":{"line":47,"column":77}},"29":{"start":{"line":50,"column":8},"end":{"line":50,"column":49}},"30":{"start":{"line":51,"column":8},"end":{"line":54,"column":10}},"31":{"start":{"line":55,"column":8},"end":{"line":55,"column":74}},"32":{"start":{"line":58,"column":8},"end":{"line":58,"column":49}},"33":{"start":{"line":59,"column":8},"end":{"line":62,"column":10}},"34":{"start":{"line":63,"column":8},"end":{"line":63,"column":73}},"35":{"start":{"line":66,"column":8},"end":{"line":71,"column":17}},"36":{"start":{"line":67,"column":12},"end":{"line":67,"column":25}},"37":{"start":{"line":68,"column":12},"end":{"line":68,"column":35}},"38":{"start":{"line":70,"column":12},"end":{"line":70,"column":77}},"39":{"start":{"line":74,"column":7},"end":{"line":83,"column":10}},"40":{"start":{"line":75,"column":11},"end":{"line":82,"column":20}},"41":{"start":{"line":76,"column":15},"end":{"line":79,"column":22}},"42":{"start":{"line":78,"column":23},"end":{"line":78,"column":39}},"43":{"start":{"line":81,"column":15},"end":{"line":81,"column":86}}},"branchMap":{"1":{"line":29,"type":"if","locations":[{"start":{"line":29,"column":4},"end":{"line":29,"column":4}},{"start":{"line":29,"column":4},"end":{"line":29,"column":4}}]}}},"C:\\Users\\Vinn_Rana\\Desktop\\chat_bot\\lib\\logger\\index.js":{"path":"C:\\Users\\Vinn_Rana\\Desktop\\chat_bot\\lib\\logger\\index.js","s":{"1":1,"2":1,"3":1,"4":1,"5":1,"6":1,"7":1,"8":1,"9":0,"10":1,"11":1,"12":1,"13":0,"14":0,"15":0,"16":0,"17":0,"18":0,"19":0,"20":0,"21":0,"22":0,"23":0,"24":1,"25":0,"26":0,"27":0,"28":0,"29":0,"30":0,"31":0,"32":0,"33":1,"34":0,"35":0,"36":0,"37":0,"38":0,"39":0,"40":0,"41":0,"42":0,"43":0,"44":0,"45":0,"46":0,"47":0,"48":0,"49":1,"50":0,"51":0,"52":0,"53":0,"54":0,"55":0,"56":0,"57":0,"58":1,"59":0,"60":1,"61":0,"62":0,"63":0,"64":0,"65":0,"66":0,"67":1},"b":{"1":[1,0],"2":[1,0],"3":[0,0],"4":[0,0],"5":[0,0],"6":[0,0],"7":[0,0],"8":[0,0],"9":[0,0],"10":[0,0],"11":[0,0],"12":[0,0],"13":[0,0],"14":[0,0],"15":[0,0],"16":[0,0],"17":[0,0]},"f":{"1":1,"2":0,"3":0,"4":0,"5":0,"6":0,"7":0},"fnMap":{"1":{"name":"(anonymous_1)","line":21,"loc":{"start":{"line":21,"column":24},"end":{"line":21,"column":35}}},"2":{"name":"requestLogger","line":80,"loc":{"start":{"line":80,"column":0},"end":{"line":80,"column":40}}},"3":{"name":"logOnRequestReceive","line":100,"loc":{"start":{"line":100,"column":0},"end":{"line":100,"column":35}}},"4":{"name":"logResponse","line":120,"loc":{"start":{"line":120,"column":0},"end":{"line":120,"column":32}}},"5":{"name":"log","line":147,"loc":{"start":{"line":147,"column":0},"end":{"line":147,"column":26}}},"6":{"name":"debug","line":170,"loc":{"start":{"line":170,"column":0},"end":{"line":170,"column":23}}},"7":{"name":"_getLoggableData","line":180,"loc":{"start":{"line":180,"column":0},"end":{"line":180,"column":32}}}},"statementMap":{"1":{"start":{"line":4,"column":0},"end":{"line":5,"column":26}},"2":{"start":{"line":7,"column":0},"end":{"line":8,"column":12}},"3":{"start":{"line":9,"column":0},"end":{"line":18,"column":33}},"4":{"start":{"line":19,"column":4},"end":{"line":19,"column":33}},"5":{"start":{"line":21,"column":0},"end":{"line":69,"column":3}},"6":{"start":{"line":22,"column":4},"end":{"line":55,"column":5}},"7":{"start":{"line":23,"column":8},"end":{"line":23,"column":63}},"8":{"start":{"line":24,"column":8},"end":{"line":39,"column":10}},"9":{"start":{"line":41,"column":8},"end":{"line":54,"column":10}},"10":{"start":{"line":58,"column":4},"end":{"line":66,"column":7}},"11":{"start":{"line":71,"column":0},"end":{"line":71,"column":13}},"12":{"start":{"line":80,"column":0},"end":{"line":94,"column":1}},"13":{"start":{"line":81,"column":8},"end":{"line":81,"column":16}},"14":{"start":{"line":83,"column":4},"end":{"line":85,"column":5}},"15":{"start":{"line":84,"column":8},"end":{"line":84,"column":22}},"16":{"start":{"line":86,"column":4},"end":{"line":86,"column":33}},"17":{"start":{"line":87,"column":4},"end":{"line":87,"column":18}},"18":{"start":{"line":88,"column":4},"end":{"line":88,"column":115}},"19":{"start":{"line":89,"column":4},"end":{"line":89,"column":31}},"20":{"start":{"line":90,"column":4},"end":{"line":90,"column":109}},"21":{"start":{"line":91,"column":4},"end":{"line":91,"column":20}},"22":{"start":{"line":92,"column":4},"end":{"line":92,"column":18}},"23":{"start":{"line":93,"column":4},"end":{"line":93,"column":11}},"24":{"start":{"line":100,"column":0},"end":{"line":113,"column":1}},"25":{"start":{"line":101,"column":4},"end":{"line":104,"column":6}},"26":{"start":{"line":106,"column":4},"end":{"line":106,"column":80}},"27":{"start":{"line":107,"column":4},"end":{"line":107,"column":64}},"28":{"start":{"line":108,"column":4},"end":{"line":108,"column":61}},"29":{"start":{"line":109,"column":4},"end":{"line":109,"column":67}},"30":{"start":{"line":110,"column":4},"end":{"line":110,"column":64}},"31":{"start":{"line":111,"column":4},"end":{"line":111,"column":23}},"32":{"start":{"line":112,"column":4},"end":{"line":112,"column":34}},"33":{"start":{"line":120,"column":0},"end":{"line":140,"column":1}},"34":{"start":{"line":121,"column":4},"end":{"line":123,"column":5}},"35":{"start":{"line":122,"column":8},"end":{"line":122,"column":15}},"36":{"start":{"line":124,"column":4},"end":{"line":124,"column":22}},"37":{"start":{"line":125,"column":4},"end":{"line":125,"column":65}},"38":{"start":{"line":126,"column":4},"end":{"line":126,"column":119}},"39":{"start":{"line":128,"column":4},"end":{"line":128,"column":28}},"40":{"start":{"line":129,"column":4},"end":{"line":129,"column":30}},"41":{"start":{"line":130,"column":4},"end":{"line":130,"column":23}},"42":{"start":{"line":131,"column":4},"end":{"line":131,"column":26}},"43":{"start":{"line":133,"column":4},"end":{"line":133,"column":124}},"44":{"start":{"line":134,"column":4},"end":{"line":134,"column":42}},"45":{"start":{"line":135,"column":4},"end":{"line":135,"column":34}},"46":{"start":{"line":136,"column":4},"end":{"line":136,"column":44}},"47":{"start":{"line":137,"column":4},"end":{"line":137,"column":31}},"48":{"start":{"line":138,"column":4},"end":{"line":138,"column":110}},"49":{"start":{"line":147,"column":0},"end":{"line":164,"column":1}},"50":{"start":{"line":150,"column":4},"end":{"line":153,"column":5}},"51":{"start":{"line":151,"column":8},"end":{"line":151,"column":19}},"52":{"start":{"line":152,"column":8},"end":{"line":152,"column":26}},"53":{"start":{"line":155,"column":4},"end":{"line":157,"column":5}},"54":{"start":{"line":156,"column":8},"end":{"line":156,"column":31}},"55":{"start":{"line":159,"column":4},"end":{"line":161,"column":5}},"56":{"start":{"line":160,"column":8},"end":{"line":160,"column":35}},"57":{"start":{"line":163,"column":4},"end":{"line":163,"column":44}},"58":{"start":{"line":170,"column":0},"end":{"line":172,"column":1}},"59":{"start":{"line":171,"column":4},"end":{"line":171,"column":28}},"60":{"start":{"line":180,"column":0},"end":{"line":189,"column":1}},"61":{"start":{"line":181,"column":4},"end":{"line":181,"column":16}},"62":{"start":{"line":182,"column":4},"end":{"line":182,"column":28}},"63":{"start":{"line":184,"column":4},"end":{"line":184,"column":65}},"64":{"start":{"line":185,"column":4},"end":{"line":187,"column":5}},"65":{"start":{"line":186,"column":8},"end":{"line":186,"column":67}},"66":{"start":{"line":188,"column":4},"end":{"line":188,"column":18}},"67":{"start":{"line":192,"column":0},"end":{"line":192,"column":41}}},"branchMap":{"1":{"line":22,"type":"if","locations":[{"start":{"line":22,"column":4},"end":{"line":22,"column":4}},{"start":{"line":22,"column":4},"end":{"line":22,"column":4}}]},"2":{"line":22,"type":"binary-expr","locations":[{"start":{"line":22,"column":7},"end":{"line":22,"column":36}},{"start":{"line":22,"column":40},"end":{"line":22,"column":60}}]},"3":{"line":83,"type":"if","locations":[{"start":{"line":83,"column":4},"end":{"line":83,"column":4}},{"start":{"line":83,"column":4},"end":{"line":83,"column":4}}]},"4":{"line":106,"type":"cond-expr","locations":[{"start":{"line":106,"column":23},"end":{"line":106,"column":72}},{"start":{"line":106,"column":75},"end":{"line":106,"column":79}}]},"5":{"line":107,"type":"cond-expr","locations":[{"start":{"line":107,"column":30},"end":{"line":107,"column":55}},{"start":{"line":107,"column":58},"end":{"line":107,"column":62}}]},"6":{"line":108,"type":"cond-expr","locations":[{"start":{"line":108,"column":29},"end":{"line":108,"column":52}},{"start":{"line":108,"column":55},"end":{"line":108,"column":59}}]},"7":{"line":109,"type":"cond-expr","locations":[{"start":{"line":109,"column":31},"end":{"line":109,"column":58}},{"start":{"line":109,"column":61},"end":{"line":109,"column":65}}]},"8":{"line":110,"type":"cond-expr","locations":[{"start":{"line":110,"column":30},"end":{"line":110,"column":55}},{"start":{"line":110,"column":58},"end":{"line":110,"column":62}}]},"9":{"line":121,"type":"if","locations":[{"start":{"line":121,"column":4},"end":{"line":121,"column":4}},{"start":{"line":121,"column":4},"end":{"line":121,"column":4}}]},"10":{"line":121,"type":"binary-expr","locations":[{"start":{"line":121,"column":7},"end":{"line":121,"column":15}},{"start":{"line":121,"column":19},"end":{"line":121,"column":32}}]},"11":{"line":125,"type":"cond-expr","locations":[{"start":{"line":125,"column":30},"end":{"line":125,"column":56}},{"start":{"line":125,"column":59},"end":{"line":125,"column":63}}]},"12":{"line":126,"type":"cond-expr","locations":[{"start":{"line":126,"column":68},"end":{"line":126,"column":93}},{"start":{"line":126,"column":96},"end":{"line":126,"column":116}}]},"13":{"line":150,"type":"if","locations":[{"start":{"line":150,"column":4},"end":{"line":150,"column":4}},{"start":{"line":150,"column":4},"end":{"line":150,"column":4}}]},"14":{"line":155,"type":"if","locations":[{"start":{"line":155,"column":4},"end":{"line":155,"column":4}},{"start":{"line":155,"column":4},"end":{"line":155,"column":4}}]},"15":{"line":159,"type":"if","locations":[{"start":{"line":159,"column":4},"end":{"line":159,"column":4}},{"start":{"line":159,"column":4},"end":{"line":159,"column":4}}]},"16":{"line":184,"type":"cond-expr","locations":[{"start":{"line":184,"column":39},"end":{"line":184,"column":54}},{"start":{"line":184,"column":57},"end":{"line":184,"column":63}}]},"17":{"line":185,"type":"if","locations":[{"start":{"line":185,"column":4},"end":{"line":185,"column":4}},{"start":{"line":185,"column":4},"end":{"line":185,"column":4}}]}}}}