TN:
SF:C:\Users\Vinn_Rana\Desktop\chat_bot\lib\appHttpClient.js
FN:8,(anonymous_1)
FN:9,(anonymous_2)
FN:12,(anonymous_3)
FN:14,(anonymous_4)
FN:20,postRequest
FN:34,(anonymous_6)
FN:38,(anonymous_7)
FN:46,(anonymous_8)
FN:49,(anonymous_9)
FN:57,(anonymous_10)
FN:65,(anonymous_11)
FN:66,(anonymous_12)
FN:69,(anonymous_13)
FN:73,(anonymous_14)
FN:74,(anonymous_15)
FN:75,(anonymous_16)
FN:77,(anonymous_17)
FN:80,(anonymous_18)
FNF:18
FNH:9
FNDA:2,(anonymous_1)
FNDA:2,(anonymous_2)
FNDA:1,(anonymous_3)
FNDA:2,(anonymous_4)
FNDA:1,postRequest
FNDA:1,(anonymous_6)
FNDA:0,(anonymous_7)
FNDA:0,(anonymous_8)
FNDA:1,(anonymous_9)
FNDA:0,(anonymous_10)
FNDA:1,(anonymous_11)
FNDA:1,(anonymous_12)
FNDA:0,(anonymous_13)
FNDA:0,(anonymous_14)
FNDA:0,(anonymous_15)
FNDA:0,(anonymous_16)
FNDA:0,(anonymous_17)
FNDA:0,(anonymous_18)
DA:1,1
DA:2,1
DA:3,1
DA:4,1
DA:5,1
DA:6,1
DA:8,1
DA:9,2
DA:10,2
DA:11,2
DA:12,2
DA:13,1
DA:15,2
DA:20,1
DA:21,1
DA:28,1
DA:29,1
DA:30,0
DA:32,1
DA:34,1
DA:35,1
DA:36,1
DA:38,1
DA:39,0
DA:41,1
DA:42,1
DA:45,1
DA:47,0
DA:50,1
DA:51,1
DA:55,1
DA:58,0
DA:59,0
DA:63,0
DA:66,1
DA:67,1
DA:68,1
DA:70,0
DA:74,0
DA:75,0
DA:76,0
DA:78,0
DA:81,0
LF:43
LH:31
BRDA:29,1,0,0
BRDA:29,1,1,1
BRF:2
BRH:1
end_of_record
TN:
SF:C:\Users\Vinn_Rana\Desktop\chat_bot\lib\logger\index.js
FN:21,(anonymous_1)
FN:80,requestLogger
FN:100,logOnRequestReceive
FN:120,logResponse
FN:147,log
FN:170,debug
FN:180,_getLoggableData
FNF:7
FNH:1
FNDA:1,(anonymous_1)
FNDA:0,requestLogger
FNDA:0,logOnRequestReceive
FNDA:0,logResponse
FNDA:0,log
FNDA:0,debug
FNDA:0,_getLoggableData
DA:4,1
DA:7,1
DA:9,1
DA:19,1
DA:21,1
DA:22,1
DA:23,1
DA:24,1
DA:41,0
DA:58,1
DA:71,1
DA:80,1
DA:81,0
DA:83,0
DA:84,0
DA:86,0
DA:87,0
DA:88,0
DA:89,0
DA:90,0
DA:91,0
DA:92,0
DA:93,0
DA:100,1
DA:101,0
DA:106,0
DA:107,0
DA:108,0
DA:109,0
DA:110,0
DA:111,0
DA:112,0
DA:120,1
DA:121,0
DA:122,0
DA:124,0
DA:125,0
DA:126,0
DA:128,0
DA:129,0
DA:130,0
DA:131,0
DA:133,0
DA:134,0
DA:135,0
DA:136,0
DA:137,0
DA:138,0
DA:147,1
DA:150,0
DA:151,0
DA:152,0
DA:155,0
DA:156,0
DA:159,0
DA:160,0
DA:163,0
DA:170,1
DA:171,0
DA:180,1
DA:181,0
DA:182,0
DA:184,0
DA:185,0
DA:186,0
DA:188,0
DA:192,1
LF:67
LH:17
BRDA:22,1,0,1
BRDA:22,1,1,0
BRDA:22,2,0,1
BRDA:22,2,1,0
BRDA:83,3,0,0
BRDA:83,3,1,0
BRDA:106,4,0,0
BRDA:106,4,1,0
BRDA:107,5,0,0
BRDA:107,5,1,0
BRDA:108,6,0,0
BRDA:108,6,1,0
BRDA:109,7,0,0
BRDA:109,7,1,0
BRDA:110,8,0,0
BRDA:110,8,1,0
BRDA:121,9,0,0
BRDA:121,9,1,0
BRDA:121,10,0,0
BRDA:121,10,1,0
BRDA:125,11,0,0
BRDA:125,11,1,0
BRDA:126,12,0,0
BRDA:126,12,1,0
BRDA:150,13,0,0
BRDA:150,13,1,0
BRDA:155,14,0,0
BRDA:155,14,1,0
BRDA:159,15,0,0
BRDA:159,15,1,0
BRDA:184,16,0,0
BRDA:184,16,1,0
BRDA:185,17,0,0
BRDA:185,17,1,0
BRF:34
BRH:2
end_of_record
